c:\users\freeman\documents\visual studio 2013\projects\creational\creational\debug\vc140.pdb
c:\users\freeman\documents\visual studio 2013\projects\creational\creational\debug\vc140.idb
c:\users\freeman\documents\visual studio 2013\projects\creational\creational\debug\facets.obj
c:\users\freeman\documents\visual studio 2013\projects\creational\creational\debug\person.obj
c:\users\freeman\documents\visual studio 2013\projects\creational\creational\debug\personbuilder.obj
c:\users\freeman\documents\visual studio 2013\projects\creational\creational\debug\abstractfactory.obj
c:\users\freeman\documents\visual studio 2013\projects\creational\creational\debug\factory.obj
c:\users\freeman\documents\visual studio 2013\projects\creational\creational\debug\factorymethod.obj
c:\users\freeman\documents\visual studio 2013\projects\creational\creational\debug\innerfactory.obj
c:\users\freeman\documents\visual studio 2013\projects\creational\creational\debug\groovybuilder.obj
c:\users\freeman\documents\visual studio 2013\projects\creational\creational\debug\nobuilder.obj
c:\users\freeman\documents\visual studio 2013\projects\creational\creational\debug\builder.obj
c:\users\freeman\documents\visual studio 2013\projects\creational\creational\debug\prototype.obj
c:\users\freeman\documents\visual studio 2013\projects\creational\creational\debug\serialization.obj
c:\users\freeman\documents\visual studio 2013\projects\creational\creational\debug\singleton.obj
c:\users\freeman\documents\visual studio 2013\projects\creational\creational\debug\test.obj
c:\users\freeman\documents\visual studio 2013\projects\creational\creational\debug\stdafx.obj
c:\users\freeman\documents\visual studio 2013\projects\creational\debug\creational.lib
c:\users\freeman\documents\visual studio 2013\projects\creational\debug\creational.exp
c:\users\freeman\documents\visual studio 2013\projects\creational\debug\creational.ilk
c:\users\freeman\documents\visual studio 2013\projects\creational\debug\creational.exe
c:\users\freeman\documents\visual studio 2013\projects\creational\debug\creational.pdb
c:\users\freeman\documents\visual studio 2013\projects\creational\creational\debug\creational.tlog\cl.command.1.tlog
c:\users\freeman\documents\visual studio 2013\projects\creational\creational\debug\creational.tlog\cl.read.1.tlog
c:\users\freeman\documents\visual studio 2013\projects\creational\creational\debug\creational.tlog\cl.write.1.tlog
c:\users\freeman\documents\visual studio 2013\projects\creational\creational\debug\creational.tlog\creational.write.1u.tlog
c:\users\freeman\documents\visual studio 2013\projects\creational\creational\debug\creational.tlog\link.command.1.tlog
c:\users\freeman\documents\visual studio 2013\projects\creational\creational\debug\creational.tlog\link.read.1.tlog
c:\users\freeman\documents\visual studio 2013\projects\creational\creational\debug\creational.tlog\link.write.1.tlog
